Exporter version: 6.2.4, Blender version: 2.81 (sub 16)
========= Conversion from Blender to Babylon.js =========
	Scene settings used :
		inline textures     :  false
		Material Type       :  PBR
		Positions Precision :  4
		Normals Precision   :  3
		UVs Precision       :  3
		Vert Color Precision:  3
		Mat Weight Precision:  2
		texture directory   :  D:\Dev\protfolio-projects\SR\objs\
	Python World class constructor completed
	WARNING: No active camera has been assigned, or is not in a currently selected Blender layer
	processing begun of mesh:  Suzanne
		WARNING: No materials have been assigned: 
		num positions      :  2892
		num normals        :  2892
		num tangents       :  0
		num uvs            :  5784
		num uvs2           :  0
		num colors         :  0
		num indices        :  2904
========= Writing of JSON file started =========
	writing mesh:  Suzanne
========= Writing of JSON file completed =========
========= end of processing =========
elapsed time:  0 min, 0.191 secs
